<?xml version="1.0" encoding="UTF-8"?>
<!-- Generated by org.testng.reporters.JUnitReportReporter -->
<testsuite hostname="DESKTOP-HGCGENQ" failures="0" tests="3" name="com.parallelSuiteExample.Test2" time="0.043" errors="0" timestamp="2023-08-17T18:20:02 IST" skipped="0">
  <testcase classname="com.parallelSuiteExample.Test2" name="method4" time="0.024"/>
  <system-out/>
  <testcase classname="com.parallelSuiteExample.Test2" name="method5" time="0.008"/>
  <system-out/>
  <testcase classname="com.parallelSuiteExample.Test2" name="method6" time="0.011"/>
  <system-out/>
</testsuite> <!-- com.parallelSuiteExample.Test2 -->
