<?xml version="1.0" encoding="UTF-8"?>
<!-- Generated by org.testng.reporters.JUnitReportReporter -->
<testsuite hostname="DESKTOP-HGCGENQ" failures="0" tests="3" name="com.parallelSuiteExample.Test3" time="0.033" errors="0" timestamp="2023-08-17T18:20:02 IST" skipped="0">
  <testcase classname="com.parallelSuiteExample.Test3" name="method7" time="0.014"/>
  <system-out/>
  <testcase classname="com.parallelSuiteExample.Test3" name="method8" time="0.007"/>
  <system-out/>
  <testcase classname="com.parallelSuiteExample.Test3" name="method9" time="0.012"/>
  <system-out/>
</testsuite> <!-- com.parallelSuiteExample.Test3 -->
