<?xml version="1.0" encoding="UTF-8"?>
<!-- Generated by org.testng.reporters.JUnitReportReporter -->
<testsuite hostname="DESKTOP-HGCGENQ" failures="0" tests="3" name="com.parallelSuiteExample.Test1" time="0.052" errors="0" timestamp="2023-08-17T18:20:02 IST" skipped="0">
  <testcase classname="com.parallelSuiteExample.Test1" name="method3" time="0.009"/>
  <system-out/>
  <testcase classname="com.parallelSuiteExample.Test1" name="method2" time="0.015"/>
  <system-out/>
  <testcase classname="com.parallelSuiteExample.Test1" name="method1" time="0.028"/>
  <system-out/>
</testsuite> <!-- com.parallelSuiteExample.Test1 -->
